  adding: svm.ipynb (deflated 73%)
  adding: assignment_zip.log (deflated 8%)
  adding: start_ipython_osx.sh (deflated 24%)
  adding: cs231n/ (stored 0%)
  adding: cs231n/classifiers/ (stored 0%)
  adding: cs231n/classifiers/softmax.py (deflated 71%)
  adding: cs231n/classifiers/neural_net.py (deflated 73%)
  adding: cs231n/classifiers/__init__.py (deflated 38%)
  adding: cs231n/classifiers/linear_classifier.py (deflated 72%)
  adding: cs231n/classifiers/k_nearest_neighbor.py (deflated 81%)
  adding: cs231n/classifiers/linear_svm.py (deflated 72%)
  adding: cs231n/data_utils.py (deflated 69%)
  adding: cs231n/__init__.py (stored 0%)
  adding: cs231n/features.py (deflated 62%)
  adding: cs231n/vis_utils.py (deflated 64%)
  adding: cs231n/gradient_check.py (deflated 68%)
  adding: two_layer_net.ipynb (deflated 71%)
  adding: features.ipynb (deflated 71%)
  adding: frameworkpython (deflated 36%)
  adding: softmax.ipynb (deflated 71%)
  adding: knn.ipynb (deflated 73%)
